<?xml version="1.0" encoding="UTF-8"?>
<!-- Generated by org.testng.reporters.JUnitReportReporter -->
<testsuite hostname="DESKTOP-C5SSRFU" name="com.neo.crypt.NewTest" tests="1" failures="0" timestamp="20 May 2022 09:36:33 GMT" time="0.016" errors="0">
  <testcase name="f" time="0.016" classname="com.neo.crypt.NewTest"/>
</testsuite>
